<?xml version="1.0" encoding="UTF-8"?>
<testsuite xmlns:xsi="http://www.w3.org/2001/XMLSchema-instance" xsi:noNamespaceSchemaLocation="https://maven.apache.org/surefire/maven-surefire-plugin/xsd/surefire-test-report.xsd" name="hu.unideb.webdev.FilmServiceImplTest" time="0.009" tests="1" errors="1" skipped="0" failures="0">
  <properties>
[...]
</properties>
  <testcase name="recordFilmTest" classname="hu.unideb.webdev.FilmServiceImplTest" time="0.009">
    <error type="java.lang.NullPointerException">java.lang.NullPointerException
	at hu.unideb.webdev.FilmServiceImplTest.recordFilmTest(FilmServiceImplTest.java:35)
</error>
  </testcase>
</testsuite>